<?xml version="1.0" encoding="UTF-8"?>
<testng-results skipped="0" failed="10" ignored="0" total="10" passed="0">
  <reporter-output>
  </reporter-output>
  <suite name="Default suite" duration-ms="98541" started-at="2021-11-22T17:00:37 IST" finished-at="2021-11-22T17:02:16 IST">
    <groups>
      <group name="cucumber">
        <method signature="AbstractTestNGCucumberTests.runScenario(io.cucumber.testng.PickleWrapper,io.cucumber.testng.FeatureWrapper)[pri:0, instance:TestRunner.TestRunner@1ee807c6]" name="runScenario" class="io.cucumber.testng.AbstractTestNGCucumberTests"/>
      </group> <!-- cucumber -->
    </groups>
    <test name="Default test" duration-ms="98541" started-at="2021-11-22T17:00:37 IST" finished-at="2021-11-22T17:02:16 IST">
      <class name="TestRunner.TestRunner">
        <test-method status="PASS" signature="setUpClass(org.testng.ITestContext)[pri:0, instance:TestRunner.TestRunner@1ee807c6]" name="setUpClass" is-config="true" duration-ms="348" started-at="2021-11-22T17:00:37 IST" finished-at="2021-11-22T17:00:37 IST">
          <params>
            <param index="0">
              <value>
                <![CDATA[org.testng.TestRunner@772861aa]]>
              </value>
            </param>
          </params>
          <reporter-output>
          </reporter-output>
        </test-method> <!-- setUpClass -->
        <test-method status="FAIL" signature="runScenario(io.cucumber.testng.PickleWrapper,io.cucumber.testng.FeatureWrapper)[pri:0, instance:TestRunner.TestRunner@1ee807c6]" name="runScenario" duration-ms="6763" started-at="2021-11-22T17:00:37 IST" description="Runs Cucumber Scenarios" data-provider="scenarios" finished-at="2021-11-22T17:00:44 IST">
          <params>
            <param index="0">
              <value>
                <![CDATA["HomePage Validation"]]>
              </value>
            </param>
            <param index="1">
              <value>
                <![CDATA["Optional[BigSmall Site AutoMate]"]]>
              </value>
            </param>
          </params>
          <exception class="java.lang.NullPointerException">
            <full-stacktrace>
              <![CDATA[java.lang.NullPointerException
at StepDefinations.HomePageDefination.big_small_website_logo_should_be_displayed(HomePageDefination.java:24)
at ✽.BigSmall Website logo should be displayed(file:///C:/Users/keert/eclipse-workspace/CucumberCompAssessment/src/test/java/Features/HomePage.feature:6)
]]>
            </full-stacktrace>
          </exception> <!-- java.lang.NullPointerException -->
          <reporter-output>
          </reporter-output>
        </test-method> <!-- runScenario -->
        <test-method status="FAIL" signature="runScenario(io.cucumber.testng.PickleWrapper,io.cucumber.testng.FeatureWrapper)[pri:0, instance:TestRunner.TestRunner@1ee807c6]" name="runScenario" duration-ms="6479" started-at="2021-11-22T17:00:44 IST" description="Runs Cucumber Scenarios" data-provider="scenarios" finished-at="2021-11-22T17:00:51 IST">
          <params>
            <param index="0">
              <value>
                <![CDATA["BigSmall Loginpage Validation"]]>
              </value>
            </param>
            <param index="1">
              <value>
                <![CDATA["Optional[BigSmall Site AutoMate]"]]>
              </value>
            </param>
          </params>
          <exception class="java.lang.NullPointerException">
            <full-stacktrace>
              <![CDATA[java.lang.NullPointerException
at StepDefinations.LoginPageDefination.click_on_sigin(LoginPageDefination.java:34)
at ✽.click on sigin(file:///C:/Users/keert/eclipse-workspace/CucumberCompAssessment/src/test/java/Features/LoginPage.feature:6)
]]>
            </full-stacktrace>
          </exception> <!-- java.lang.NullPointerException -->
          <reporter-output>
          </reporter-output>
        </test-method> <!-- runScenario -->
        <test-method status="FAIL" signature="runScenario(io.cucumber.testng.PickleWrapper,io.cucumber.testng.FeatureWrapper)[pri:0, instance:TestRunner.TestRunner@1ee807c6]" name="runScenario" duration-ms="9454" started-at="2021-11-22T17:00:51 IST" description="Runs Cucumber Scenarios" data-provider="scenarios" finished-at="2021-11-22T17:01:00 IST">
          <params>
            <param index="0">
              <value>
                <![CDATA["BigSmall Giftcard page Validation"]]>
              </value>
            </param>
            <param index="1">
              <value>
                <![CDATA["Optional[BigSmall Site AutoMate]"]]>
              </value>
            </param>
          </params>
          <exception class="java.lang.NullPointerException">
            <full-stacktrace>
              <![CDATA[java.lang.NullPointerException
at StepDefinations.addGiftcardDefination.click_on_giftcard(addGiftcardDefination.java:20)
at ✽.click on Giftcard(file:///C:/Users/keert/eclipse-workspace/CucumberCompAssessment/src/test/java/Features/addGiftcard.feature:6)
]]>
            </full-stacktrace>
          </exception> <!-- java.lang.NullPointerException -->
          <reporter-output>
          </reporter-output>
        </test-method> <!-- runScenario -->
        <test-method status="FAIL" signature="runScenario(io.cucumber.testng.PickleWrapper,io.cucumber.testng.FeatureWrapper)[pri:0, instance:TestRunner.TestRunner@1ee807c6]" name="runScenario" duration-ms="8372" started-at="2021-11-22T17:01:00 IST" description="Runs Cucumber Scenarios" data-provider="scenarios" finished-at="2021-11-22T17:01:09 IST">
          <params>
            <param index="0">
              <value>
                <![CDATA["BigSmall All product tab Validation"]]>
              </value>
            </param>
            <param index="1">
              <value>
                <![CDATA["Optional[BigSmall Site AutoMate]"]]>
              </value>
            </param>
          </params>
          <exception class="java.lang.NullPointerException">
            <full-stacktrace>
              <![CDATA[java.lang.NullPointerException
at StepDefinations.allproductTabDefination.click_on_all_of_it_tab_in_header(allproductTabDefination.java:20)
at ✽.click on all of it tab in header(file:///C:/Users/keert/eclipse-workspace/CucumberCompAssessment/src/test/java/Features/allproductTab.feature:6)
]]>
            </full-stacktrace>
          </exception> <!-- java.lang.NullPointerException -->
          <reporter-output>
          </reporter-output>
        </test-method> <!-- runScenario -->
        <test-method status="FAIL" signature="runScenario(io.cucumber.testng.PickleWrapper,io.cucumber.testng.FeatureWrapper)[pri:0, instance:TestRunner.TestRunner@1ee807c6]" name="runScenario" duration-ms="9473" started-at="2021-11-22T17:01:09 IST" description="Runs Cucumber Scenarios" data-provider="scenarios" finished-at="2021-11-22T17:01:18 IST">
          <params>
            <param index="0">
              <value>
                <![CDATA["BigSmall Cart checkout page Validation"]]>
              </value>
            </param>
            <param index="1">
              <value>
                <![CDATA["Optional[BigSmall Site AutoMate]"]]>
              </value>
            </param>
          </params>
          <exception class="java.lang.NullPointerException">
            <full-stacktrace>
              <![CDATA[java.lang.NullPointerException
at StepDefinations.cartcheckoutDefination.add_one_product_to_cart_and_click_on_cart_section(cartcheckoutDefination.java:20)
at ✽.Add one product to cart and click on cart section(file:///C:/Users/keert/eclipse-workspace/CucumberCompAssessment/src/test/java/Features/cartcheckout.feature:6)
]]>
            </full-stacktrace>
          </exception> <!-- java.lang.NullPointerException -->
          <reporter-output>
          </reporter-output>
        </test-method> <!-- runScenario -->
        <test-method status="FAIL" signature="runScenario(io.cucumber.testng.PickleWrapper,io.cucumber.testng.FeatureWrapper)[pri:0, instance:TestRunner.TestRunner@1ee807c6]" name="runScenario" duration-ms="11397" started-at="2021-11-22T17:01:18 IST" description="Runs Cucumber Scenarios" data-provider="scenarios" finished-at="2021-11-22T17:01:29 IST">
          <params>
            <param index="0">
              <value>
                <![CDATA["BigSmall contact page Validation"]]>
              </value>
            </param>
            <param index="1">
              <value>
                <![CDATA["Optional[BigSmall Site AutoMate]"]]>
              </value>
            </param>
          </params>
          <exception class="java.lang.NullPointerException">
            <full-stacktrace>
              <![CDATA[java.lang.NullPointerException
at StepDefinations.contactpageDefination.click_contact_us_tab_in_footer(contactpageDefination.java:19)
at ✽.click contact us tab in footer(file:///C:/Users/keert/eclipse-workspace/CucumberCompAssessment/src/test/java/Features/contactpage.feature:6)
]]>
            </full-stacktrace>
          </exception> <!-- java.lang.NullPointerException -->
          <reporter-output>
          </reporter-output>
        </test-method> <!-- runScenario -->
        <test-method status="FAIL" signature="runScenario(io.cucumber.testng.PickleWrapper,io.cucumber.testng.FeatureWrapper)[pri:0, instance:TestRunner.TestRunner@1ee807c6]" name="runScenario" duration-ms="11824" started-at="2021-11-22T17:01:29 IST" description="Runs Cucumber Scenarios" data-provider="scenarios" finished-at="2021-11-22T17:01:41 IST">
          <params>
            <param index="0">
              <value>
                <![CDATA["BigSmall Hover Action Validation"]]>
              </value>
            </param>
            <param index="1">
              <value>
                <![CDATA["Optional[BigSmall Site AutoMate]"]]>
              </value>
            </param>
          </params>
          <exception class="java.lang.NullPointerException">
            <full-stacktrace>
              <![CDATA[java.lang.NullPointerException
at StepDefinations.hoveractionDefination.moved_to_birthday_gift_section(hoveractionDefination.java:24)
at ✽.moved to birthday gift section(file:///C:/Users/keert/eclipse-workspace/CucumberCompAssessment/src/test/java/Features/hoveraction.feature:6)
]]>
            </full-stacktrace>
          </exception> <!-- java.lang.NullPointerException -->
          <reporter-output>
          </reporter-output>
        </test-method> <!-- runScenario -->
        <test-method status="FAIL" signature="runScenario(io.cucumber.testng.PickleWrapper,io.cucumber.testng.FeatureWrapper)[pri:0, instance:TestRunner.TestRunner@1ee807c6]" name="runScenario" duration-ms="8901" started-at="2021-11-22T17:01:41 IST" description="Runs Cucumber Scenarios" data-provider="scenarios" finished-at="2021-11-22T17:01:50 IST">
          <params>
            <param index="0">
              <value>
                <![CDATA["BigSmall search tab Validation"]]>
              </value>
            </param>
            <param index="1">
              <value>
                <![CDATA["Optional[BigSmall Site AutoMate]"]]>
              </value>
            </param>
          </params>
          <exception class="java.lang.NullPointerException">
            <full-stacktrace>
              <![CDATA[java.lang.NullPointerException
at StepDefinations.searchactionDefination.user_enter_a_product_name_and_click_on_search(searchactionDefination.java:20)
at ✽.user enter a product name "harry potter" and click on search(file:///C:/Users/keert/eclipse-workspace/CucumberCompAssessment/src/test/java/Features/searchaction.feature:6)
]]>
            </full-stacktrace>
          </exception> <!-- java.lang.NullPointerException -->
          <reporter-output>
          </reporter-output>
        </test-method> <!-- runScenario -->
        <test-method status="FAIL" signature="runScenario(io.cucumber.testng.PickleWrapper,io.cucumber.testng.FeatureWrapper)[pri:0, instance:TestRunner.TestRunner@1ee807c6]" name="runScenario" duration-ms="15828" started-at="2021-11-22T17:01:50 IST" description="Runs Cucumber Scenarios" data-provider="scenarios" finished-at="2021-11-22T17:02:06 IST">
          <params>
            <param index="0">
              <value>
                <![CDATA["BigSmall wishlist page Validation"]]>
              </value>
            </param>
            <param index="1">
              <value>
                <![CDATA["Optional[BigSmall Site AutoMate]"]]>
              </value>
            </param>
          </params>
          <exception class="java.lang.NullPointerException">
            <full-stacktrace>
              <![CDATA[java.lang.NullPointerException
at StepDefinations.wishlistDefination.click_on_a_product_and_click_on_add_to_cart(wishlistDefination.java:22)
at ✽.click on a product and click on add to cart(file:///C:/Users/keert/eclipse-workspace/CucumberCompAssessment/src/test/java/Features/wishlist.feature:6)
]]>
            </full-stacktrace>
          </exception> <!-- java.lang.NullPointerException -->
          <reporter-output>
          </reporter-output>
        </test-method> <!-- runScenario -->
        <test-method status="FAIL" signature="runScenario(io.cucumber.testng.PickleWrapper,io.cucumber.testng.FeatureWrapper)[pri:0, instance:TestRunner.TestRunner@1ee807c6]" name="runScenario" duration-ms="9623" started-at="2021-11-22T17:02:06 IST" description="Runs Cucumber Scenarios" data-provider="scenarios" finished-at="2021-11-22T17:02:16 IST">
          <params>
            <param index="0">
              <value>
                <![CDATA["BigSmall Header Links Validation"]]>
              </value>
            </param>
            <param index="1">
              <value>
                <![CDATA["Optional[BigSmall Site AutoMate]"]]>
              </value>
            </param>
          </params>
          <exception class="io.cucumber.testng.UndefinedStepException">
            <message>
              <![CDATA[The step 'count and click on the links on the header' and 1 other step(s) are undefined.
You can implement these steps using the snippet(s) below:

@When("count and click on the links on the header")
public void count_and_click_on_the_links_on_the_header() {
    // Write code here that turns the phrase above into concrete actions
    throw new io.cucumber.java.PendingException();
}
@Then("printing the title of the opened links in the console and logs")
public void printing_the_title_of_the_opened_links_in_the_console_and_logs() {
    // Write code here that turns the phrase above into concrete actions
    throw new io.cucumber.java.PendingException();
}
]]>
            </message>
            <full-stacktrace>
              <![CDATA[io.cucumber.testng.UndefinedStepException: The step 'count and click on the links on the header' and 1 other step(s) are undefined.
You can implement these steps using the snippet(s) below:

@When("count and click on the links on the header")
public void count_and_click_on_the_links_on_the_header() {
    // Write code here that turns the phrase above into concrete actions
    throw new io.cucumber.java.PendingException();
}
@Then("printing the title of the opened links in the console and logs")
public void printing_the_title_of_the_opened_links_in_the_console_and_logs() {
    // Write code here that turns the phrase above into concrete actions
    throw new io.cucumber.java.PendingException();
}

at io.cucumber.core.runtime.TestCaseResultObserver.assertTestCasePassed(TestCaseResultObserver.java:69)
at io.cucumber.testng.TestCaseResultObserver.assertTestCasePassed(TestCaseResultObserver.java:23)
at io.cucumber.testng.TestNGCucumberRunner.lambda$runScenario$1(TestNGCucumberRunner.java:133)
at io.cucumber.core.runtime.CucumberExecutionContext.lambda$runTestCase$3(CucumberExecutionContext.java:110)
at io.cucumber.core.runtime.RethrowingThrowableCollector.executeAndThrow(RethrowingThrowableCollector.java:23)
at io.cucumber.core.runtime.CucumberExecutionContext.runTestCase(CucumberExecutionContext.java:110)
at io.cucumber.testng.TestNGCucumberRunner.runScenario(TestNGCucumberRunner.java:129)
at io.cucumber.testng.AbstractTestNGCucumberTests.runScenario(AbstractTestNGCucumberTests.java:35)
at sun.reflect.NativeMethodAccessorImpl.invoke0(Native Method)
at sun.reflect.NativeMethodAccessorImpl.invoke(NativeMethodAccessorImpl.java:62)
at sun.reflect.DelegatingMethodAccessorImpl.invoke(DelegatingMethodAccessorImpl.java:43)
at java.lang.reflect.Method.invoke(Method.java:498)
at org.testng.internal.MethodInvocationHelper.invokeMethod(MethodInvocationHelper.java:133)
at org.testng.internal.TestInvoker.invokeMethod(TestInvoker.java:598)
at org.testng.internal.TestInvoker.invokeTestMethod(TestInvoker.java:173)
at org.testng.internal.MethodRunner.runInSequence(MethodRunner.java:46)
at org.testng.internal.TestInvoker$MethodInvocationAgent.invoke(TestInvoker.java:824)
at org.testng.internal.TestInvoker.invokeTestMethods(TestInvoker.java:146)
at org.testng.internal.TestMethodWorker.invokeTestMethods(TestMethodWorker.java:146)
at org.testng.internal.TestMethodWorker.run(TestMethodWorker.java:128)
at java.util.ArrayList.forEach(ArrayList.java:1259)
at org.testng.TestRunner.privateRun(TestRunner.java:794)
at org.testng.TestRunner.run(TestRunner.java:596)
at org.testng.SuiteRunner.runTest(SuiteRunner.java:377)
at org.testng.SuiteRunner.runSequentially(SuiteRunner.java:371)
at org.testng.SuiteRunner.privateRun(SuiteRunner.java:332)
at org.testng.SuiteRunner.run(SuiteRunner.java:276)
at org.testng.SuiteRunnerWorker.runSuite(SuiteRunnerWorker.java:53)
at org.testng.SuiteRunnerWorker.run(SuiteRunnerWorker.java:96)
at org.testng.TestNG.runSuitesSequentially(TestNG.java:1212)
at org.testng.TestNG.runSuitesLocally(TestNG.java:1134)
at org.testng.TestNG.runSuites(TestNG.java:1063)
at org.testng.TestNG.run(TestNG.java:1031)
at org.testng.remote.AbstractRemoteTestNG.run(AbstractRemoteTestNG.java:115)
at org.testng.remote.RemoteTestNG.initAndRun(RemoteTestNG.java:251)
at org.testng.remote.RemoteTestNG.main(RemoteTestNG.java:77)
]]>
            </full-stacktrace>
          </exception> <!-- io.cucumber.testng.UndefinedStepException -->
          <reporter-output>
          </reporter-output>
        </test-method> <!-- runScenario -->
        <test-method status="PASS" signature="tearDownClass()[pri:0, instance:TestRunner.TestRunner@1ee807c6]" name="tearDownClass" is-config="true" duration-ms="19" started-at="2021-11-22T17:02:16 IST" finished-at="2021-11-22T17:02:16 IST">
          <reporter-output>
          </reporter-output>
        </test-method> <!-- tearDownClass -->
      </class> <!-- TestRunner.TestRunner -->
    </test> <!-- Default test -->
  </suite> <!-- Default suite -->
</testng-results>
